<?xml version="1.0" encoding="UTF-8"?>
<testng-results ignored="0" total="1" passed="1" failed="0" skipped="0">
  <reporter-output>
  </reporter-output>
  <suite started-at="2024-01-29T21:38:35 SAST" name="Default suite" finished-at="2024-01-29T21:38:46 SAST" duration-ms="10854">
    <groups>
    </groups>
    <test started-at="2024-01-29T21:38:35 SAST" name="Default test" finished-at="2024-01-29T21:38:46 SAST" duration-ms="10854">
      <class name="testcases.FirstTestcase">
        <test-method is-config="true" signature="setUp()[pri:0, instance:testcases.FirstTestcase@22ff4249]" started-at="2024-01-29T21:38:35 SAST" name="setUp" finished-at="2024-01-29T21:38:43 SAST" duration-ms="7560" status="PASS">
          <reporter-output>
          </reporter-output>
        </test-method> <!-- setUp -->
        <test-method signature="TestExecution(java.lang.String)[pri:1, instance:testcases.FirstTestcase@22ff4249]" started-at="2024-01-29T21:38:45 SAST" name="TestExecution" data-provider="TestExecution" finished-at="2024-01-29T21:38:45 SAST" duration-ms="31" status="PASS">
          <params>
            <param index="0">
              <value>
                <![CDATA[//h2[contains(text(),"👨‍💻 Saw'bona")]]]>
              </value>
            </param>
          </params>
          <reporter-output>
          </reporter-output>
        </test-method> <!-- TestExecution -->
        <test-method is-config="true" signature="tearDown()[pri:0, instance:testcases.FirstTestcase@22ff4249]" started-at="2024-01-29T21:38:45 SAST" name="tearDown" finished-at="2024-01-29T21:38:46 SAST" duration-ms="1302" status="PASS">
          <reporter-output>
          </reporter-output>
        </test-method> <!-- tearDown -->
      </class> <!-- testcases.FirstTestcase -->
    </test> <!-- Default test -->
  </suite> <!-- Default suite -->
</testng-results>
