<?xml version="1.0" encoding="UTF-8"?>
<testng-results ignored="0" total="1" passed="1" failed="0" skipped="0">
  <reporter-output>
  </reporter-output>
  <suite started-at="2024-01-10T08:59:27 SAST" name="FrameworkDemo Test Suite" finished-at="2024-01-10T08:59:38 SAST" duration-ms="11501">
    <groups>
    </groups>
    <test started-at="2024-01-10T08:59:27 SAST" name="FrameworkDemo Test" finished-at="2024-01-10T08:59:38 SAST" duration-ms="11501">
      <class name="testcases.FirstTestcase">
        <test-method is-config="true" signature="setUp()[pri:0, instance:testcases.FirstTestcase@4c583ecf]" started-at="2024-01-10T08:59:27 SAST" name="setUp" finished-at="2024-01-10T08:59:37 SAST" duration-ms="10810" status="PASS">
          <reporter-output>
          </reporter-output>
        </test-method> <!-- setUp -->
        <test-method signature="ReadMeTest()[pri:0, instance:testcases.FirstTestcase@4c583ecf]" started-at="2024-01-10T08:59:38 SAST" name="ReadMeTest" finished-at="2024-01-10T08:59:38 SAST" duration-ms="240" status="PASS">
          <reporter-output>
          </reporter-output>
        </test-method> <!-- ReadMeTest -->
        <test-method is-config="true" signature="tearDown()[pri:0, instance:testcases.FirstTestcase@4c583ecf]" started-at="2024-01-10T08:59:38 SAST" name="tearDown" finished-at="2024-01-10T08:59:38 SAST" duration-ms="372" status="PASS">
          <reporter-output>
          </reporter-output>
        </test-method> <!-- tearDown -->
      </class> <!-- testcases.FirstTestcase -->
    </test> <!-- FrameworkDemo Test -->
  </suite> <!-- FrameworkDemo Test Suite -->
</testng-results>
